<?xml version="1.0" encoding="UTF-8"?>
<testsuite name="PostmanEchoTest" tests="1" skipped="0" failures="0" errors="0" timestamp="2023-03-10T14:00:29" hostname="МАКСИМ-ПК" time="45.007">
  <properties/>
  <testcase name="someDataTest()" classname="PostmanEchoTest" time="45.007"/>
  <system-out><![CDATA[]]></system-out>
  <system-err><![CDATA[]]></system-err>
</testsuite>
