<?xml version="1.0" encoding="UTF-8"?>
<testsuite name="PostmanEchoTest" tests="3" skipped="0" failures="0" errors="0" timestamp="2023-03-10T13:07:15" hostname="МАКСИМ-ПК" time="38.546">
  <properties/>
  <testcase name="phoneNumber()" classname="PostmanEchoTest" time="36.705"/>
  <testcase name="someDataTest()" classname="PostmanEchoTest" time="0.972"/>
  <testcase name="Name()" classname="PostmanEchoTest" time="0.866"/>
  <system-out><![CDATA[]]></system-out>
  <system-err><![CDATA[]]></system-err>
</testsuite>
