<?xml version="1.0" encoding="UTF-8"?>
<testsuite name="PostmanEchoTest" tests="3" skipped="0" failures="0" errors="0" timestamp="2023-03-10T13:33:24" hostname="МАКСИМ-ПК" time="47.285">
  <properties/>
  <testcase name="phoneNumber()" classname="PostmanEchoTest" time="45.187"/>
  <testcase name="someDataTest()" classname="PostmanEchoTest" time="1.092"/>
  <testcase name="Name()" classname="PostmanEchoTest" time="1.003"/>
  <system-out><![CDATA[]]></system-out>
  <system-err><![CDATA[]]></system-err>
</testsuite>
